{
  "RSpec": {
    "coverage": {
      "/Users/chaitali/Documents/Projects/reward_hub/spec/controllers/api/v1/reward_controller_spec.rb": {
        "lines": [
          1,
          null,
          1,
          1,
          null,
          9,
          2,
          null,
          1,
          8,
          null,
          null,
          1,
          1,
          1,
          1,
          1,
          null,
          null,
          1,
          1,
          1,
          1,
          1,
          1,
          null,
          null,
          null,
          1,
          5,
          5,
          1,
          4,
          null,
          1,
          4,
          null,
          null,
          1,
          1,
          1,
          1,
          null,
          null,
          1,
          1,
          1,
          1,
          null,
          1,
          1,
          null,
          null,
          null,
          1,
          1,
          2,
          null,
          null,
          1,
          1,
          1,
          null,
          null,
          1,
          1,
          1,
          1,
          null,
          null,
          null,
          null,
          1,
          1,
          1,
          1,
          1,
          1,
          1,
          1,
          null,
          null,
          null,
          1,
          1,
          1,
          1,
          1,
          1,
          null,
          null,
          null,
          1,
          2,
          null,
          1,
          1,
          1,
          1,
          1,
          null,
          null,
          null,
          null
        ]
      },
      "/Users/chaitali/Documents/Projects/reward_hub/spec/rails_helper.rb": {
        "lines": [
          null,
          1,
          1,
          1,
          null,
          1,
          1,
          null,
          null,
          null,
          null,
          null,
          null,
          null,
          null,
          null,
          null,
          null,
          null,
          null,
          null,
          null,
          null,
          null,
          null,
          null,
          null,
          1,
          null,
          0,
          null,
          1,
          null,
          1,
          null,
          null,
          null,
          null,
          null,
          null,
          1,
          null,
          null,
          null,
          null,
          null,
          null,
          null,
          null,
          null,
          null,
          null,
          null,
          null,
          null,
          null,
          null,
          null,
          1,
          null,
          null,
          1,
          null,
          null,
          null,
          null,
          1,
          1,
          1,
          1,
          null,
          null
        ]
      },
      "/Users/chaitali/Documents/Projects/reward_hub/config/environment.rb": {
        "lines": [
          null,
          1,
          null,
          null,
          1
        ]
      },
      "/Users/chaitali/Documents/Projects/reward_hub/config/application.rb": {
        "lines": [
          1,
          null,
          1,
          null,
          null,
          null,
          1,
          null,
          1,
          1,
          null,
          1,
          null,
          null,
          null,
          null,
          1,
          null,
          null,
          null,
          null,
          null,
          null,
          null,
          null,
          1,
          null,
          null
        ]
      },
      "/Users/chaitali/Documents/Projects/reward_hub/config/boot.rb": {
        "lines": [
          1,
          null,
          1,
          1
        ]
      },
      "/Users/chaitali/Documents/Projects/reward_hub/config/environments/test.rb": {
        "lines": [
          1,
          null,
          null,
          null,
          null,
          null,
          null,
          1,
          null,
          null,
          null,
          1,
          null,
          null,
          null,
          null,
          null,
          1,
          null,
          null,
          1,
          1,
          null,
          null,
          null,
          null,
          1,
          1,
          1,
          null,
          null,
          1,
          null,
          null,
          1,
          null,
          null,
          1,
          null,
          1,
          null,
          null,
          null,
          null,
          1,
          null,
          null,
          1,
          null,
          null,
          1,
          null,
          null,
          1,
          null,
          null,
          null,
          null,
          null,
          null,
          null,
          null,
          1,
          null
        ]
      },
      "/Users/chaitali/Documents/Projects/reward_hub/config/initializers/assets.rb": {
        "lines": [
          null,
          null,
          null,
          1,
          null,
          null,
          null,
          null,
          null,
          null,
          null,
          null
        ]
      },
      "/Users/chaitali/Documents/Projects/reward_hub/config/initializers/content_security_policy.rb": {
        "lines": [
          null,
          null,
          null,
          null,
          null,
          null,
          null,
          null,
          null,
          null,
          null,
          null,
          null,
          null,
          null,
          null,
          null,
          null,
          null,
          null,
          null,
          null,
          null,
          null,
          null
        ]
      },
      "/Users/chaitali/Documents/Projects/reward_hub/config/initializers/filter_parameter_logging.rb": {
        "lines": [
          null,
          null,
          null,
          null,
          null,
          1,
          null,
          null
        ]
      },
      "/Users/chaitali/Documents/Projects/reward_hub/config/initializers/inflections.rb": {
        "lines": [
          null,
          null,
          null,
          null,
          null,
          null,
          null,
          null,
          null,
          null,
          null,
          null,
          null,
          null,
          null,
          null
        ]
      },
      "/Users/chaitali/Documents/Projects/reward_hub/config/initializers/permissions_policy.rb": {
        "lines": [
          null,
          null,
          null,
          null,
          null,
          null,
          null,
          null,
          null,
          null,
          null,
          null,
          null
        ]
      },
      "/Users/chaitali/Documents/Projects/reward_hub/config/initializers/sidekiq.rb": {
        "lines": [
          1,
          1,
          null,
          1,
          null,
          1,
          0,
          null
        ]
      },
      "/Users/chaitali/Documents/Projects/reward_hub/spec/factories/rewards.rb": {
        "lines": [
          1,
          1,
          27,
          49,
          34,
          44,
          37,
          null,
          null
        ]
      },
      "/Users/chaitali/Documents/Projects/reward_hub/spec/factories/transactions.rb": {
        "lines": [
          1,
          1,
          1,
          14,
          23,
          26,
          null,
          null
        ]
      },
      "/Users/chaitali/Documents/Projects/reward_hub/spec/factories/user_rewards.rb": {
        "lines": [
          1,
          1,
          1,
          1,
          7,
          15,
          null,
          null
        ]
      },
      "/Users/chaitali/Documents/Projects/reward_hub/spec/factories/users.rb": {
        "lines": [
          1,
          1,
          106,
          105,
          94,
          89,
          100,
          67,
          null,
          null
        ]
      },
      "/Users/chaitali/Documents/Projects/reward_hub/config/routes.rb": {
        "lines": [
          1,
          1,
          1,
          null,
          null,
          null,
          null,
          1,
          1,
          null,
          1,
          1,
          1,
          1,
          null,
          1,
          null,
          1,
          1,
          1,
          null,
          1,
          1,
          1,
          null,
          null,
          null,
          null,
          null
        ]
      },
      "/Users/chaitali/Documents/Projects/reward_hub/app/helpers/application_helper.rb": {
        "lines": [
          1,
          null
        ]
      },
      "/Users/chaitali/Documents/Projects/reward_hub/app/controllers/api/v1/reward_controller.rb": {
        "lines": [
          1,
          1,
          1,
          1,
          1,
          1,
          null,
          null,
          1,
          4,
          4,
          null,
          null,
          1,
          3,
          3,
          null,
          2,
          2,
          1,
          null,
          1,
          null,
          null,
          null,
          null,
          null
        ]
      },
      "/Users/chaitali/Documents/Projects/reward_hub/app/controllers/api/v1/base_controller.rb": {
        "lines": [
          1,
          1,
          1,
          1,
          1,
          null,
          1,
          null,
          null,
          1,
          13,
          13,
          1,
          1,
          null,
          null,
          12,
          12,
          null,
          1,
          null,
          null,
          null,
          null
        ]
      },
      "/Users/chaitali/Documents/Projects/reward_hub/app/controllers/application_controller.rb": {
        "lines": [
          1,
          null
        ]
      },
      "/Users/chaitali/Documents/Projects/reward_hub/spec/controllers/api/v1/transactions_controller_spec.rb": {
        "lines": [
          1,
          null,
          1,
          1,
          null,
          3,
          null,
          1,
          2,
          null,
          null,
          1,
          1,
          null,
          1,
          null,
          null,
          null,
          null,
          null,
          null,
          null,
          1,
          1,
          1,
          1,
          null,
          null,
          1,
          null,
          1,
          1,
          null,
          null,
          null,
          null,
          1,
          null,
          null,
          null,
          null,
          1,
          1,
          1,
          null,
          null,
          1,
          1,
          1,
          1,
          1,
          null,
          null,
          null
        ]
      },
      "/Users/chaitali/Documents/Projects/reward_hub/app/controllers/api/v1/transactions_controller.rb": {
        "lines": [
          1,
          1,
          1,
          1,
          1,
          1,
          null,
          null,
          1,
          1,
          1,
          1,
          null,
          0,
          null,
          null,
          null,
          1,
          null,
          1,
          1,
          null,
          null,
          null,
          null
        ]
      },
      "/Users/chaitali/Documents/Projects/reward_hub/spec/controllers/api/v1/user_controller_spec.rb": {
        "lines": [
          1,
          null,
          1,
          1,
          null,
          4,
          null,
          1,
          1,
          1,
          null,
          2,
          null,
          1,
          1,
          1,
          1,
          null,
          null,
          1,
          1,
          1,
          1,
          null,
          null,
          null,
          null,
          null,
          null,
          1,
          1,
          1,
          1,
          null,
          null,
          1,
          1,
          1,
          null,
          null,
          null,
          null,
          1,
          1,
          3,
          null,
          null,
          1,
          1,
          1,
          null,
          1,
          1,
          1,
          null,
          null,
          null,
          null,
          null,
          null,
          null,
          1,
          null,
          null,
          null,
          1,
          1,
          1,
          1,
          1,
          1,
          1,
          null,
          null,
          null,
          1,
          1,
          1,
          1,
          1,
          1,
          1,
          null,
          null,
          null,
          null
        ]
      },
      "/Users/chaitali/Documents/Projects/reward_hub/app/controllers/api/v1/user_controller.rb": {
        "lines": [
          1,
          1,
          1,
          1,
          null,
          1,
          1,
          null,
          null,
          1,
          2,
          2,
          1,
          null,
          1,
          null,
          null,
          null,
          1,
          null,
          1,
          2,
          null,
          null,
          null,
          null
        ]
      },
      "/Users/chaitali/Documents/Projects/reward_hub/spec/models/reward_spec.rb": {
        "lines": [
          1,
          null,
          1,
          1,
          2,
          2,
          2,
          2,
          null,
          2,
          null,
          1,
          5,
          null,
          1,
          1,
          null,
          null,
          1,
          1,
          1,
          null,
          null,
          1,
          1,
          1,
          null,
          null,
          1,
          1,
          1,
          1,
          1,
          null,
          null,
          null,
          null,
          1,
          1,
          1,
          1,
          null,
          null,
          1,
          1,
          1,
          1,
          null,
          null,
          null
        ]
      },
      "/Users/chaitali/Documents/Projects/reward_hub/app/models/reward.rb": {
        "lines": [
          1,
          1,
          1,
          1,
          1,
          1,
          null,
          1,
          1,
          null,
          13,
          null,
          1,
          null,
          1,
          56,
          null,
          1,
          null,
          null
        ]
      },
      "/Users/chaitali/Documents/Projects/reward_hub/app/models/application_record.rb": {
        "lines": [
          1,
          1,
          null
        ]
      },
      "/Users/chaitali/Documents/Projects/reward_hub/spec/models/transaction_spec.rb": {
        "lines": [
          1,
          null,
          1,
          1,
          2,
          2,
          2,
          null,
          1,
          1,
          1,
          1,
          1,
          1,
          null,
          null,
          2,
          2,
          null,
          1,
          7,
          null,
          1,
          1,
          1,
          null,
          null,
          1,
          1,
          1,
          null,
          null,
          1,
          1,
          1,
          null,
          null,
          1,
          1,
          1,
          null,
          null,
          1,
          1,
          1,
          null,
          null,
          1,
          1,
          1,
          null,
          1,
          1,
          null,
          null,
          null,
          null,
          1,
          4,
          null,
          1,
          1,
          1,
          null,
          null,
          1,
          1,
          1,
          null,
          null,
          1,
          1,
          1,
          1,
          null,
          null,
          null,
          1,
          4,
          null,
          1,
          1,
          1,
          1,
          null,
          null,
          null,
          1,
          1,
          1,
          1,
          null,
          null,
          null,
          1,
          1,
          1,
          1,
          null,
          null,
          null,
          null,
          1,
          1,
          3,
          null,
          null,
          1,
          1,
          1,
          2,
          null,
          null,
          1,
          1,
          1,
          2,
          null,
          null,
          1,
          1,
          1,
          2,
          null,
          null,
          null
        ]
      },
      "/Users/chaitali/Documents/Projects/reward_hub/app/models/transaction.rb": {
        "lines": [
          1,
          1,
          null,
          1,
          1,
          1,
          null,
          1,
          null,
          1,
          10,
          null,
          null,
          null,
          1,
          21,
          21,
          null,
          null,
          1,
          24,
          null,
          null,
          24,
          null,
          null
        ]
      },
      "/Users/chaitali/Documents/Projects/reward_hub/spec/models/user_reward_spec.rb": {
        "lines": [
          1,
          null,
          1,
          11,
          11,
          null,
          1,
          2,
          2,
          null,
          null,
          1,
          2,
          null,
          1,
          1,
          1,
          null,
          null,
          null,
          1,
          1,
          1,
          1,
          null,
          null,
          null,
          1,
          1,
          1,
          1,
          null,
          null,
          1,
          1,
          1,
          null,
          null,
          1,
          1,
          1,
          1,
          null,
          null,
          null,
          null,
          1,
          1,
          1,
          1,
          null,
          null,
          1,
          1,
          1,
          1,
          null,
          null,
          null
        ]
      },
      "/Users/chaitali/Documents/Projects/reward_hub/app/models/user_reward.rb": {
        "lines": [
          1,
          1,
          1,
          null,
          1,
          null,
          1,
          null,
          1,
          null,
          1,
          null,
          1,
          29,
          null,
          1,
          null,
          null
        ]
      },
      "/Users/chaitali/Documents/Projects/reward_hub/spec/models/user_spec.rb": {
        "lines": [
          1,
          null,
          1,
          1,
          2,
          2,
          2,
          2,
          2,
          null,
          1,
          2,
          null,
          1,
          1,
          1,
          1,
          null,
          null,
          null,
          1,
          2,
          null,
          1,
          1,
          null,
          null,
          null,
          1,
          3,
          null,
          1,
          1,
          1,
          1,
          null,
          null,
          1,
          1,
          1,
          1,
          null,
          null,
          null,
          2,
          null,
          null,
          1,
          2,
          2,
          null,
          null,
          1,
          1,
          1,
          1,
          null,
          1,
          1,
          1,
          1,
          1,
          null,
          null,
          null,
          1,
          1,
          1,
          1,
          null,
          null,
          1,
          1,
          1,
          null,
          null,
          null
        ]
      },
      "/Users/chaitali/Documents/Projects/reward_hub/app/models/user.rb": {
        "lines": [
          1,
          1,
          1,
          1,
          1,
          1,
          1,
          1,
          null,
          1,
          1,
          1,
          9,
          null,
          1,
          null,
          1,
          null,
          1,
          116,
          null,
          null
        ]
      },
      "/Users/chaitali/Documents/Projects/reward_hub/spec/services/rewards/claim_service_spec.rb": {
        "lines": [
          1,
          null,
          1,
          6,
          4,
          null,
          1,
          1,
          1,
          1,
          1,
          null,
          1,
          1,
          null,
          1,
          null,
          1,
          1,
          1,
          1,
          null,
          null,
          null,
          1,
          2,
          null,
          1,
          1,
          1,
          null,
          1,
          1,
          null,
          1,
          1,
          null,
          null,
          null,
          1,
          1,
          1,
          1,
          null,
          1,
          1,
          null,
          1,
          1,
          null,
          null,
          1,
          1,
          1,
          null,
          1,
          1,
          null,
          1,
          1,
          null,
          null,
          null,
          1,
          1,
          1,
          null,
          null,
          1,
          1,
          1,
          null,
          1,
          1,
          null,
          1,
          1,
          null,
          null,
          null,
          null
        ]
      },
      "/Users/chaitali/Documents/Projects/reward_hub/app/services/rewards/claim_service.rb": {
        "lines": [
          1,
          1,
          1,
          null,
          1,
          11,
          11,
          null,
          null,
          1,
          11,
          10,
          null,
          9,
          null,
          7,
          7,
          6,
          null,
          null,
          6,
          null,
          1,
          null,
          null,
          null
        ]
      },
      "/Users/chaitali/Documents/Projects/reward_hub/spec/services/rewards/coffee_reward_service_spec.rb": {
        "lines": [
          1,
          null,
          1,
          6,
          7,
          7,
          null,
          1,
          6,
          null,
          null,
          1,
          1,
          1,
          1,
          null,
          1,
          1,
          null,
          null,
          null,
          1,
          1,
          1,
          null,
          null,
          1,
          1,
          null,
          1,
          1,
          null,
          null,
          null,
          1,
          1,
          1,
          null,
          1,
          1,
          null,
          null,
          null,
          1,
          1,
          1,
          null,
          null,
          1,
          1,
          null,
          1,
          1,
          null,
          null,
          null,
          1,
          1,
          1,
          null,
          1,
          1,
          null,
          null,
          null,
          1,
          1,
          1,
          null,
          null,
          1,
          1,
          null,
          1,
          1,
          null,
          null,
          null,
          null
        ]
      },
      "/Users/chaitali/Documents/Projects/reward_hub/app/services/rewards/coffee_reward_service.rb": {
        "lines": [
          1,
          1,
          1,
          null,
          1,
          10,
          10,
          10,
          10,
          null,
          null,
          1,
          9,
          8,
          null,
          4,
          null,
          1,
          null,
          null,
          1,
          null,
          1,
          2,
          null,
          null,
          1,
          2,
          null,
          null,
          null,
          null,
          1,
          3,
          3,
          3,
          null,
          0,
          null,
          null,
          null,
          1,
          null,
          13,
          null,
          null,
          null
        ]
      },
      "/Users/chaitali/Documents/Projects/reward_hub/spec/services/rewards/movie_ticket_reward_service_spec.rb": {
        "lines": [
          1,
          null,
          1,
          6,
          null,
          1,
          5,
          null,
          null,
          null,
          1,
          1,
          1,
          1,
          1,
          1,
          null,
          null,
          null,
          1,
          1,
          1,
          null,
          null,
          1,
          1,
          1,
          1,
          null,
          null,
          null,
          1,
          1,
          1,
          1,
          null,
          1,
          1,
          null,
          null,
          null,
          1,
          1,
          1,
          1,
          1,
          null,
          null,
          null,
          1,
          1,
          1,
          null,
          null,
          1,
          1,
          1,
          1,
          1,
          null,
          null,
          null,
          null
        ]
      },
      "/Users/chaitali/Documents/Projects/reward_hub/app/services/rewards/movie_ticket_reward_service.rb": {
        "lines": [
          1,
          1,
          1,
          null,
          1,
          6,
          null,
          null,
          1,
          6,
          4,
          2,
          null,
          1,
          null,
          null,
          1,
          null,
          1,
          2,
          null,
          null,
          1,
          1,
          1,
          1,
          null,
          0,
          null,
          null,
          null,
          1,
          7,
          null,
          null,
          null
        ]
      },
      "/Users/chaitali/Documents/Projects/reward_hub/spec/workers/birthday_coffee_reward_worker_spec.rb": {
        "lines": [
          1,
          1,
          null,
          1,
          null,
          1,
          7,
          7,
          1,
          0,
          null,
          null,
          1,
          6,
          null,
          null,
          1,
          1,
          1,
          1,
          null,
          1,
          1,
          null,
          null,
          1,
          1,
          null,
          null,
          null,
          null,
          null,
          null,
          1,
          null,
          null,
          1,
          1,
          1,
          null,
          1,
          null,
          null,
          null,
          null,
          null,
          null,
          1,
          null,
          null,
          1,
          1,
          1,
          null,
          null,
          null,
          1,
          1,
          1,
          1,
          1,
          null,
          null,
          1,
          1,
          null,
          null,
          null,
          null,
          null,
          1,
          null,
          1,
          null,
          null,
          null
        ]
      },
      "/Users/chaitali/Documents/Projects/reward_hub/app/workers/birthday_coffee_reward_worker.rb": {
        "lines": [
          1,
          1,
          null,
          1,
          4,
          4,
          4,
          null,
          null,
          4,
          4,
          null,
          null,
          null,
          null,
          null,
          null,
          4,
          3,
          null,
          null,
          null,
          null
        ]
      },
      "/Users/chaitali/Documents/Projects/reward_hub/spec/workers/monthly_coffee_reward_worker_spec.rb": {
        "lines": [
          1,
          1,
          null,
          1,
          null,
          1,
          9,
          9,
          1,
          1,
          null,
          3,
          null,
          1,
          8,
          null,
          null,
          1,
          1,
          1,
          1,
          1,
          null,
          1,
          1,
          null,
          null,
          1,
          1,
          1,
          null,
          1,
          null,
          null,
          1,
          1,
          1,
          null,
          1,
          null,
          null,
          null,
          null,
          null,
          null,
          1,
          null,
          null,
          1,
          1,
          1,
          null,
          null,
          null,
          1,
          1,
          1,
          1,
          1,
          null,
          null,
          1,
          1,
          1,
          null,
          null,
          null,
          1,
          1,
          null,
          null,
          null,
          null,
          null,
          1,
          null,
          null,
          null,
          null,
          1,
          1,
          1,
          1,
          1,
          1,
          null,
          1,
          1,
          null,
          null,
          1,
          1,
          1,
          1,
          null,
          1,
          1,
          null,
          null,
          null
        ]
      },
      "/Users/chaitali/Documents/Projects/reward_hub/app/workers/monthly_coffee_reward_worker.rb": {
        "lines": [
          1,
          1,
          null,
          1,
          4,
          4,
          4,
          null,
          4,
          null,
          8,
          null,
          1,
          null,
          null,
          null,
          null,
          1,
          1,
          null,
          null,
          null,
          null,
          1,
          null,
          1,
          10,
          null,
          null
        ]
      },
      "/Users/chaitali/Documents/Projects/reward_hub/spec/workers/movie_ticket_reward_worker_spec.rb": {
        "lines": [
          1,
          1,
          null,
          1,
          null,
          1,
          6,
          6,
          null,
          1,
          5,
          null,
          null,
          1,
          1,
          1,
          1,
          1,
          null,
          null,
          1,
          1,
          1,
          1,
          null,
          null,
          1,
          1,
          1,
          1,
          null,
          null,
          1,
          1,
          1,
          null,
          null,
          null,
          1,
          1,
          1,
          1,
          1,
          null,
          null,
          null
        ]
      },
      "/Users/chaitali/Documents/Projects/reward_hub/app/workers/movie_ticket_reward_worker.rb": {
        "lines": [
          1,
          1,
          null,
          1,
          4,
          4,
          null,
          null,
          4,
          8,
          null,
          1,
          1,
          1,
          null,
          null,
          null,
          null,
          1,
          null,
          1,
          8,
          8,
          null,
          null,
          3,
          null,
          null,
          2,
          2,
          null,
          null,
          2,
          null,
          null
        ]
      }
    },
    "timestamp": 1747238903
  }
}
